{"timestamp":"2025-07-25T13:43:39.178Z","level":"ERROR","message":"POST /login - 401 (123ms)","category":"api","method":"POST","path":"/login","statusCode":401,"duration":123,"userId":null,"error":{"message":"Invalid email or password"}}
{"timestamp":"2025-07-25T13:45:14.010Z","level":"ERROR","message":"GET /dashboard-analytics - 400 (1ms)","category":"api","method":"GET","path":"/dashboard-analytics","statusCode":400,"duration":1,"userId":1,"error":{"message":"Validation failed"}}
{"timestamp":"2025-07-25T13:45:14.024Z","level":"ERROR","message":"GET /dashboard-analytics - 400 (2ms)","category":"api","method":"GET","path":"/dashboard-analytics","statusCode":400,"duration":2,"userId":1,"error":{"message":"Validation failed"}}
{"timestamp":"2025-07-25T13:45:17.939Z","level":"ERROR","message":"GET /dashboard-analytics - 400 (1ms)","category":"api","method":"GET","path":"/dashboard-analytics","statusCode":400,"duration":1,"userId":1,"error":{"message":"Validation failed"}}
{"timestamp":"2025-07-25T13:45:29.505Z","level":"ERROR","message":"POST /assign-trainer - 500 (49ms)","category":"api","method":"POST","path":"/assign-trainer","statusCode":500,"duration":49,"userId":1,"error":{"message":"Internal server error"}}
{"timestamp":"2025-07-25T13:45:35.598Z","level":"ERROR","message":"GET / - 400 (5ms)","category":"api","method":"GET","path":"/","statusCode":400,"duration":5,"userId":1,"error":{"message":"Validation failed"}}
{"timestamp":"2025-07-25T13:45:35.642Z","level":"ERROR","message":"GET / - 400 (1ms)","category":"api","method":"GET","path":"/","statusCode":400,"duration":1,"userId":1,"error":{"message":"Validation failed"}}
{"timestamp":"2025-07-25T13:48:07.302Z","level":"ERROR","message":"Uncaught Exception","error":{"name":"Error","message":"listen EADDRINUSE: address already in use :::3500","stack":"Error: listen EADDRINUSE: address already in use :::3500\n    at Server.setupListenHandle [as _listen2] (node:net:1937:16)\n    at listenInCluster (node:net:1994:12)\n    at Server.listen (node:net:2099:7)\n    at Function.listen (C:\\Coding\\gym4thSem\\gym-management-system\\backend\\node_modules\\express\\lib\\application.js:635:24)\n    at startServer (C:\\Coding\\gym4thSem\\gym-management-system\\backend\\server.js:264:13)"}}
{"timestamp":"2025-07-25T13:49:55.070Z","level":"ERROR","message":"POST /assign-trainer - 500 (36ms)","category":"api","method":"POST","path":"/assign-trainer","statusCode":500,"duration":36,"userId":1,"error":{"message":"Internal server error"}}
{"timestamp":"2025-07-25T13:50:10.183Z","level":"ERROR","message":"GET / - 400 (9ms)","category":"api","method":"GET","path":"/","statusCode":400,"duration":9,"userId":1,"error":{"message":"Validation failed"}}
{"timestamp":"2025-07-25T13:50:10.204Z","level":"ERROR","message":"GET / - 400 (8ms)","category":"api","method":"GET","path":"/","statusCode":400,"duration":8,"userId":1,"error":{"message":"Validation failed"}}
{"timestamp":"2025-07-25T13:50:44.166Z","level":"ERROR","message":"GET /dashboard-analytics - 400 (2ms)","category":"api","method":"GET","path":"/dashboard-analytics","statusCode":400,"duration":2,"userId":1,"error":{"message":"Validation failed"}}
{"timestamp":"2025-07-25T13:50:48.606Z","level":"ERROR","message":"GET /dashboard-analytics - 400 (1ms)","category":"api","method":"GET","path":"/dashboard-analytics","statusCode":400,"duration":1,"userId":1,"error":{"message":"Validation failed"}}
{"timestamp":"2025-07-25T13:50:48.625Z","level":"ERROR","message":"GET /dashboard-analytics - 400 (1ms)","category":"api","method":"GET","path":"/dashboard-analytics","statusCode":400,"duration":1,"userId":1,"error":{"message":"Validation failed"}}
{"timestamp":"2025-07-25T13:51:03.433Z","level":"ERROR","message":"Uncaught Exception","error":{"name":"Error","message":"listen EADDRINUSE: address already in use :::3500","stack":"Error: listen EADDRINUSE: address already in use :::3500\n    at Server.setupListenHandle [as _listen2] (node:net:1937:16)\n    at listenInCluster (node:net:1994:12)\n    at Server.listen (node:net:2099:7)\n    at Function.listen (C:\\Coding\\gym4thSem\\gym-management-system\\backend\\node_modules\\express\\lib\\application.js:635:24)\n    at startServer (C:\\Coding\\gym4thSem\\gym-management-system\\backend\\server.js:264:13)"}}
{"timestamp":"2025-07-25T13:51:49.243Z","level":"ERROR","message":"GET /dashboard-analytics - 401 (1ms)","category":"api","method":"GET","path":"/dashboard-analytics","statusCode":401,"duration":1,"userId":null,"error":{"message":"Access token required"}}
{"timestamp":"2025-07-25T13:51:51.335Z","level":"ERROR","message":"GET / - 401 (1ms)","category":"api","method":"GET","path":"/","statusCode":401,"duration":1,"userId":null,"error":{"message":"Access token required"}}
{"timestamp":"2025-07-25T13:52:04.884Z","level":"ERROR","message":"GET / - 404 (2ms)","category":"api","method":"GET","path":"/","statusCode":404,"duration":2,"userId":null,"error":{"message":"Route not found"}}
{"timestamp":"2025-07-25T13:52:38.803Z","level":"ERROR","message":"GET /dashboard-analytics - 400 (2ms)","category":"api","method":"GET","path":"/dashboard-analytics","statusCode":400,"duration":2,"userId":1,"error":{"message":"Validation failed"}}
{"timestamp":"2025-07-25T13:52:38.828Z","level":"ERROR","message":"GET /dashboard-analytics - 400 (2ms)","category":"api","method":"GET","path":"/dashboard-analytics","statusCode":400,"duration":2,"userId":1,"error":{"message":"Validation failed"}}
{"timestamp":"2025-07-25T13:52:45.055Z","level":"ERROR","message":"GET / - 400 (3ms)","category":"api","method":"GET","path":"/","statusCode":400,"duration":3,"userId":1,"error":{"message":"Validation failed"}}
{"timestamp":"2025-07-25T13:52:45.069Z","level":"ERROR","message":"GET / - 400 (3ms)","category":"api","method":"GET","path":"/","statusCode":400,"duration":3,"userId":1,"error":{"message":"Validation failed"}}
{"timestamp":"2025-07-25T13:52:51.176Z","level":"ERROR","message":"GET /dashboard-analytics - 400 (1ms)","category":"api","method":"GET","path":"/dashboard-analytics","statusCode":400,"duration":1,"userId":1,"error":{"message":"Validation failed"}}
{"timestamp":"2025-07-25T13:55:12.434Z","level":"ERROR","message":"GET /dashboard-analytics - 400 (4ms)","category":"api","method":"GET","path":"/dashboard-analytics","statusCode":400,"duration":4,"userId":1,"error":{"message":"Validation failed"}}
{"timestamp":"2025-07-25T13:55:25.858Z","level":"ERROR","message":"GET /dashboard-analytics - 400 (2ms)","category":"api","method":"GET","path":"/dashboard-analytics","statusCode":400,"duration":2,"userId":1,"error":{"message":"Validation failed"}}
{"timestamp":"2025-07-25T13:55:25.879Z","level":"ERROR","message":"GET /dashboard-analytics - 400 (2ms)","category":"api","method":"GET","path":"/dashboard-analytics","statusCode":400,"duration":2,"userId":1,"error":{"message":"Validation failed"}}
{"timestamp":"2025-07-25T13:56:48.031Z","level":"ERROR","message":"Uncaught Exception","error":{"name":"Error","message":"listen EADDRINUSE: address already in use :::3500","stack":"Error: listen EADDRINUSE: address already in use :::3500\n    at Server.setupListenHandle [as _listen2] (node:net:1937:16)\n    at listenInCluster (node:net:1994:12)\n    at Server.listen (node:net:2099:7)\n    at Function.listen (C:\\Coding\\gym4thSem\\gym-management-system\\backend\\node_modules\\express\\lib\\application.js:635:24)\n    at startServer (C:\\Coding\\gym4thSem\\gym-management-system\\backend\\server.js:264:13)"}}
{"timestamp":"2025-07-25T14:01:48.691Z","level":"ERROR","message":"GET /dashboard-analytics - 400 (4ms)","category":"api","method":"GET","path":"/dashboard-analytics","statusCode":400,"duration":4,"userId":1,"error":{"message":"Validation failed"}}
{"timestamp":"2025-07-25T14:01:48.708Z","level":"ERROR","message":"GET /dashboard-analytics - 400 (2ms)","category":"api","method":"GET","path":"/dashboard-analytics","statusCode":400,"duration":2,"userId":1,"error":{"message":"Validation failed"}}
{"timestamp":"2025-07-25T14:01:56.816Z","level":"ERROR","message":"GET / - 400 (2ms)","category":"api","method":"GET","path":"/","statusCode":400,"duration":2,"userId":1,"error":{"message":"Validation failed"}}
{"timestamp":"2025-07-25T14:01:56.824Z","level":"ERROR","message":"GET / - 400 (1ms)","category":"api","method":"GET","path":"/","statusCode":400,"duration":1,"userId":1,"error":{"message":"Validation failed"}}
{"timestamp":"2025-07-25T14:01:58.422Z","level":"ERROR","message":"GET /dashboard-analytics - 400 (1ms)","category":"api","method":"GET","path":"/dashboard-analytics","statusCode":400,"duration":1,"userId":1,"error":{"message":"Validation failed"}}
{"timestamp":"2025-07-25T14:04:27.917Z","level":"ERROR","message":"GET /dashboard-analytics - 400 (2ms)","category":"api","method":"GET","path":"/dashboard-analytics","statusCode":400,"duration":2,"userId":1,"error":{"message":"Validation failed"}}
{"timestamp":"2025-07-25T14:04:27.926Z","level":"ERROR","message":"GET /dashboard-analytics - 400 (1ms)","category":"api","method":"GET","path":"/dashboard-analytics","statusCode":400,"duration":1,"userId":1,"error":{"message":"Validation failed"}}
{"timestamp":"2025-07-25T14:07:19.154Z","level":"ERROR","message":"GET /dashboard-analytics - 400 (1ms)","category":"api","method":"GET","path":"/dashboard-analytics","statusCode":400,"duration":1,"userId":1,"error":{"message":"Validation failed"}}
{"timestamp":"2025-07-25T14:07:19.171Z","level":"ERROR","message":"GET /dashboard-analytics - 400 (2ms)","category":"api","method":"GET","path":"/dashboard-analytics","statusCode":400,"duration":2,"userId":1,"error":{"message":"Validation failed"}}
{"timestamp":"2025-07-25T14:07:34.149Z","level":"ERROR","message":"GET /dashboard-analytics - 400 (1ms)","category":"api","method":"GET","path":"/dashboard-analytics","statusCode":400,"duration":1,"userId":1,"error":{"message":"Validation failed"}}
{"timestamp":"2025-07-25T14:07:34.162Z","level":"ERROR","message":"GET /dashboard-analytics - 400 (1ms)","category":"api","method":"GET","path":"/dashboard-analytics","statusCode":400,"duration":1,"userId":1,"error":{"message":"Validation failed"}}
{"timestamp":"2025-07-25T14:07:41.064Z","level":"ERROR","message":"GET /dashboard-analytics - 400 (1ms)","category":"api","method":"GET","path":"/dashboard-analytics","statusCode":400,"duration":1,"userId":1,"error":{"message":"Validation failed"}}
{"timestamp":"2025-07-25T14:07:43.719Z","level":"ERROR","message":"GET /dashboard-analytics - 400 (2ms)","category":"api","method":"GET","path":"/dashboard-analytics","statusCode":400,"duration":2,"userId":1,"error":{"message":"Validation failed"}}
{"timestamp":"2025-07-25T14:08:18.608Z","level":"ERROR","message":"GET /dashboard-analytics - 400 (1ms)","category":"api","method":"GET","path":"/dashboard-analytics","statusCode":400,"duration":1,"userId":1,"error":{"message":"Validation failed"}}
{"timestamp":"2025-07-25T14:08:18.624Z","level":"ERROR","message":"GET /dashboard-analytics - 400 (1ms)","category":"api","method":"GET","path":"/dashboard-analytics","statusCode":400,"duration":1,"userId":1,"error":{"message":"Validation failed"}}
{"timestamp":"2025-07-25T14:12:48.261Z","level":"ERROR","message":"GET /dashboard-analytics - 400 (1ms)","category":"api","method":"GET","path":"/dashboard-analytics","statusCode":400,"duration":1,"userId":1,"error":{"message":"Validation failed"}}
{"timestamp":"2025-07-25T14:13:19.148Z","level":"ERROR","message":"GET /dashboard-analytics - 400 (1ms)","category":"api","method":"GET","path":"/dashboard-analytics","statusCode":400,"duration":1,"userId":1,"error":{"message":"Validation failed"}}
{"timestamp":"2025-07-25T14:16:14.543Z","level":"ERROR","message":"GET /dashboard-analytics - 400 (1ms)","category":"api","method":"GET","path":"/dashboard-analytics","statusCode":400,"duration":1,"userId":1,"error":{"message":"Validation failed"}}
{"timestamp":"2025-07-25T14:16:18.146Z","level":"ERROR","message":"GET /dashboard-analytics - 400 (3ms)","category":"api","method":"GET","path":"/dashboard-analytics","statusCode":400,"duration":3,"userId":1,"error":{"message":"Validation failed"}}
{"timestamp":"2025-07-25T14:16:18.184Z","level":"ERROR","message":"GET /dashboard-analytics - 400 (7ms)","category":"api","method":"GET","path":"/dashboard-analytics","statusCode":400,"duration":7,"userId":1,"error":{"message":"Validation failed"}}
{"timestamp":"2025-07-25T14:17:08.155Z","level":"ERROR","message":"GET /dashboard-analytics - 400 (2ms)","category":"api","method":"GET","path":"/dashboard-analytics","statusCode":400,"duration":2,"userId":1,"error":{"message":"Validation failed"}}
{"timestamp":"2025-07-25T14:17:20.159Z","level":"ERROR","message":"GET /dashboard-analytics - 400 (1ms)","category":"api","method":"GET","path":"/dashboard-analytics","statusCode":400,"duration":1,"userId":1,"error":{"message":"Validation failed"}}
{"timestamp":"2025-07-25T14:17:23.841Z","level":"ERROR","message":"GET /dashboard-analytics - 400 (2ms)","category":"api","method":"GET","path":"/dashboard-analytics","statusCode":400,"duration":2,"userId":1,"error":{"message":"Validation failed"}}
{"timestamp":"2025-07-25T14:17:23.857Z","level":"ERROR","message":"GET /dashboard-analytics - 400 (1ms)","category":"api","method":"GET","path":"/dashboard-analytics","statusCode":400,"duration":1,"userId":1,"error":{"message":"Validation failed"}}
{"timestamp":"2025-07-25T14:17:42.746Z","level":"ERROR","message":"GET /dashboard-analytics - 400 (1ms)","category":"api","method":"GET","path":"/dashboard-analytics","statusCode":400,"duration":1,"userId":1,"error":{"message":"Validation failed"}}
{"timestamp":"2025-07-25T14:18:40.471Z","level":"ERROR","message":"GET /dashboard-analytics - 400 (2ms)","category":"api","method":"GET","path":"/dashboard-analytics","statusCode":400,"duration":2,"userId":1,"error":{"message":"Validation failed"}}
{"timestamp":"2025-07-25T14:20:26.246Z","level":"ERROR","message":"GET /dashboard-analytics - 400 (9ms)","category":"api","method":"GET","path":"/dashboard-analytics","statusCode":400,"duration":9,"userId":1,"error":{"message":"Validation failed"}}
{"timestamp":"2025-07-25T14:20:26.979Z","level":"ERROR","message":"GET /dashboard-analytics - 400 (2ms)","category":"api","method":"GET","path":"/dashboard-analytics","statusCode":400,"duration":2,"userId":1,"error":{"message":"Validation failed"}}
{"timestamp":"2025-07-25T14:20:38.514Z","level":"ERROR","message":"GET /dashboard-analytics - 400 (3ms)","category":"api","method":"GET","path":"/dashboard-analytics","statusCode":400,"duration":3,"userId":1,"error":{"message":"Validation failed"}}
{"timestamp":"2025-07-25T14:20:38.535Z","level":"ERROR","message":"GET /dashboard-analytics - 400 (1ms)","category":"api","method":"GET","path":"/dashboard-analytics","statusCode":400,"duration":1,"userId":1,"error":{"message":"Validation failed"}}
{"timestamp":"2025-07-25T14:20:40.065Z","level":"ERROR","message":"GET /dashboard-analytics - 400 (2ms)","category":"api","method":"GET","path":"/dashboard-analytics","statusCode":400,"duration":2,"userId":1,"error":{"message":"Validation failed"}}
{"timestamp":"2025-07-25T14:20:40.931Z","level":"ERROR","message":"GET /dashboard-analytics - 400 (1ms)","category":"api","method":"GET","path":"/dashboard-analytics","statusCode":400,"duration":1,"userId":1,"error":{"message":"Validation failed"}}
{"timestamp":"2025-07-25T14:23:57.341Z","level":"ERROR","message":"Uncaught Exception","error":{"name":"Error","message":"listen EADDRINUSE: address already in use :::3500","stack":"Error: listen EADDRINUSE: address already in use :::3500\n    at Server.setupListenHandle [as _listen2] (node:net:1937:16)\n    at listenInCluster (node:net:1994:12)\n    at Server.listen (node:net:2099:7)\n    at Function.listen (C:\\Coding\\gym4thSem\\gym-management-system\\backend\\node_modules\\express\\lib\\application.js:635:24)\n    at startServer (C:\\Coding\\gym4thSem\\gym-management-system\\backend\\server.js:264:13)"}}
{"timestamp":"2025-07-25T14:24:15.396Z","level":"ERROR","message":"GET /dashboard-analytics - 403 (1ms)","category":"api","method":"GET","path":"/dashboard-analytics","statusCode":403,"duration":1,"userId":null,"error":{"message":"Invalid or expired token"}}
{"timestamp":"2025-07-25T14:24:33.167Z","level":"ERROR","message":"GET /dashboard-analytics - 400 (5ms)","category":"api","method":"GET","path":"/dashboard-analytics","statusCode":400,"duration":5,"userId":1,"error":{"message":"Validation failed"}}
{"timestamp":"2025-07-25T14:24:40.436Z","level":"ERROR","message":"GET /dashboard-analytics - 400 (2ms)","category":"api","method":"GET","path":"/dashboard-analytics","statusCode":400,"duration":2,"userId":1,"error":{"message":"Validation failed"}}
{"timestamp":"2025-07-25T14:24:40.463Z","level":"ERROR","message":"GET /dashboard-analytics - 400 (3ms)","category":"api","method":"GET","path":"/dashboard-analytics","statusCode":400,"duration":3,"userId":1,"error":{"message":"Validation failed"}}
{"timestamp":"2025-07-25T14:25:00.767Z","level":"ERROR","message":"GET /dashboard-analytics - 400 (4ms)","category":"api","method":"GET","path":"/dashboard-analytics","statusCode":400,"duration":4,"userId":1,"error":{"message":"Validation failed"}}
{"timestamp":"2025-07-25T14:25:00.787Z","level":"ERROR","message":"GET /dashboard-analytics - 400 (1ms)","category":"api","method":"GET","path":"/dashboard-analytics","statusCode":400,"duration":1,"userId":1,"error":{"message":"Validation failed"}}
{"timestamp":"2025-07-25T14:25:18.437Z","level":"ERROR","message":"GET /dashboard-analytics - 400 (1ms)","category":"api","method":"GET","path":"/dashboard-analytics","statusCode":400,"duration":1,"userId":1,"error":{"message":"Validation failed"}}
{"timestamp":"2025-07-25T14:26:35.291Z","level":"ERROR","message":"GET /dashboard-analytics - 400 (1ms)","category":"api","method":"GET","path":"/dashboard-analytics","statusCode":400,"duration":1,"userId":1,"error":{"message":"Validation failed"}}
{"timestamp":"2025-07-25T14:26:36.038Z","level":"ERROR","message":"GET /dashboard-analytics - 400 (1ms)","category":"api","method":"GET","path":"/dashboard-analytics","statusCode":400,"duration":1,"userId":1,"error":{"message":"Validation failed"}}
{"timestamp":"2025-07-25T14:27:12.911Z","level":"ERROR","message":"GET /dashboard-analytics - 400 (1ms)","category":"api","method":"GET","path":"/dashboard-analytics","statusCode":400,"duration":1,"userId":1,"error":{"message":"Validation failed"}}
{"timestamp":"2025-07-25T14:27:12.925Z","level":"ERROR","message":"GET /dashboard-analytics - 400 (2ms)","category":"api","method":"GET","path":"/dashboard-analytics","statusCode":400,"duration":2,"userId":1,"error":{"message":"Validation failed"}}
{"timestamp":"2025-07-25T14:27:15.507Z","level":"ERROR","message":"GET /dashboard-analytics - 400 (2ms)","category":"api","method":"GET","path":"/dashboard-analytics","statusCode":400,"duration":2,"userId":1,"error":{"message":"Validation failed"}}
{"timestamp":"2025-07-25T14:30:48.155Z","level":"ERROR","message":"Uncaught Exception","error":{"name":"Error","message":"listen EADDRINUSE: address already in use :::3500","stack":"Error: listen EADDRINUSE: address already in use :::3500\n    at Server.setupListenHandle [as _listen2] (node:net:1937:16)\n    at listenInCluster (node:net:1994:12)\n    at Server.listen (node:net:2099:7)\n    at Function.listen (C:\\Coding\\gym4thSem\\gym-management-system\\backend\\node_modules\\express\\lib\\application.js:635:24)\n    at startServer (C:\\Coding\\gym4thSem\\gym-management-system\\backend\\server.js:264:13)"}}
